  Sky.cpp
C:\OpenGL\Pegasi Flying Simulator\Libraries\include\glm\detail\type_quat.hpp(48,30): warning C4201: nonstandard extension used: nameless struct/union
C:\OpenGL\Pegasi Flying Simulator\Libraries\include\glm\detail\type_quat.hpp(133,3): message : see reference to class template instantiation 'glm::qua<T,Q>' being compiled
C:\Program Files\Microsoft Visual Studio\2022\Community\VC\Tools\MSVC\14.34.31933\include\utility(172,16): warning C4244: 'initializing': conversion from '_Ty' to '_Ty1', possible loss of data
          with
          [
              _Ty=int
          ]
          and
          [
              _Ty1=float
          ]
C:\OpenGL\Pegasi Flying Simulator\Sky.cpp(6,69): message : see reference to function template instantiation 'std::pair<float,glm::vec3>::pair<int,glm::vec3,0>(_Other1 &&,_Other2 &&) noexcept' being compiled
          with
          [
              _Other1=int,
              _Other2=glm::vec3
          ]
C:\OpenGL\Pegasi Flying Simulator\Sky.cpp(59,23): warning C4244: 'argument': conversion from 'double' to '_Ty', possible loss of data
          with
          [
              _Ty=float
          ]
C:\OpenGL\Pegasi Flying Simulator\Sky.cpp(60,23): warning C4244: 'argument': conversion from 'double' to '_Ty', possible loss of data
          with
          [
              _Ty=float
          ]
C:\OpenGL\Pegasi Flying Simulator\Sky.cpp(61,23): warning C4244: 'argument': conversion from 'double' to '_Ty', possible loss of data
          with
          [
              _Ty=float
          ]
C:\OpenGL\Pegasi Flying Simulator\Sky.cpp(139,65): warning C4267: 'argument': conversion from 'size_t' to 'GLsizei', possible loss of data
  Pegasi Flying Simulator.vcxproj -> C:\OpenGL\Pegasi Flying Simulator\x64\Debug\Pegasi Flying Simulator.exe
